<?xml version="1.0" encoding="UTF-8"?>
<testng-results ignored="0" total="6" passed="5" failed="1" skipped="0">
  <reporter-output>
  </reporter-output>
  <suite started-at="2025-10-25T13:41:14 GMT-04:00" name="firefox-suite" finished-at="2025-10-25T13:41:49 GMT-04:00" duration-ms="34968">
    <groups>
    </groups>
    <test started-at="2025-10-25T13:41:14 GMT-04:00" name="firefox-tests" finished-at="2025-10-25T13:41:49 GMT-04:00" duration-ms="34968">
      <class name="org.navadiya.tests.SampleTest">
        <test-method is-config="true" signature="setUp(org.testng.ITestContext)[pri:0, instance:org.navadiya.tests.SampleTest@19835e64]" started-at="2025-10-25T13:41:32 GMT-04:00" name="setUp" finished-at="2025-10-25T13:41:40 GMT-04:00" duration-ms="8120" status="PASS">
          <params>
            <param index="0">
              <value>
                <![CDATA[org.testng.TestRunner@71c27ee8]]>
              </value>
            </param>
          </params>
          <reporter-output>
          </reporter-output>
        </test-method> <!-- setUp -->
        <test-method signature="openExampleAndAssertTitle()[pri:0, instance:org.navadiya.tests.SampleTest@19835e64]" started-at="2025-10-25T13:41:40 GMT-04:00" name="openExampleAndAssertTitle" finished-at="2025-10-25T13:41:48 GMT-04:00" duration-ms="8122" status="PASS">
          <reporter-output>
          </reporter-output>
        </test-method> <!-- openExampleAndAssertTitle -->
        <test-method is-config="true" signature="tearDown()[pri:0, instance:org.navadiya.tests.SampleTest@19835e64]" started-at="2025-10-25T13:41:48 GMT-04:00" name="tearDown" finished-at="2025-10-25T13:41:49 GMT-04:00" duration-ms="1048" status="PASS">
          <reporter-output>
          </reporter-output>
        </test-method> <!-- tearDown -->
      </class> <!-- org.navadiya.tests.SampleTest -->
      <class name="org.navadiya.tests.TitleTest">
        <test-method is-config="true" signature="setUp(org.testng.ITestContext)[pri:0, instance:org.navadiya.tests.TitleTest@386f0da3]" started-at="2025-10-25T13:41:32 GMT-04:00" name="setUp" finished-at="2025-10-25T13:41:40 GMT-04:00" duration-ms="7114" status="PASS">
          <params>
            <param index="0">
              <value>
                <![CDATA[org.testng.TestRunner@71c27ee8]]>
              </value>
            </param>
          </params>
          <reporter-output>
          </reporter-output>
        </test-method> <!-- setUp -->
        <test-method signature="titleIsPresent()[pri:0, instance:org.navadiya.tests.TitleTest@386f0da3]" started-at="2025-10-25T13:41:40 GMT-04:00" name="titleIsPresent" finished-at="2025-10-25T13:41:40 GMT-04:00" duration-ms="797" status="PASS">
          <reporter-output>
          </reporter-output>
        </test-method> <!-- titleIsPresent -->
        <test-method is-config="true" signature="tearDown()[pri:0, instance:org.navadiya.tests.TitleTest@386f0da3]" started-at="2025-10-25T13:41:40 GMT-04:00" name="tearDown" finished-at="2025-10-25T13:41:43 GMT-04:00" duration-ms="2833" status="PASS">
          <reporter-output>
          </reporter-output>
        </test-method> <!-- tearDown -->
      </class> <!-- org.navadiya.tests.TitleTest -->
      <class name="org.navadiya.tests.FooterTest">
        <test-method is-config="true" signature="setUp(org.testng.ITestContext)[pri:0, instance:org.navadiya.tests.FooterTest@29ca3d04]" started-at="2025-10-25T13:41:14 GMT-04:00" name="setUp" finished-at="2025-10-25T13:41:27 GMT-04:00" duration-ms="13142" status="PASS">
          <params>
            <param index="0">
              <value>
                <![CDATA[org.testng.TestRunner@71c27ee8]]>
              </value>
            </param>
          </params>
          <reporter-output>
          </reporter-output>
        </test-method> <!-- setUp -->
        <test-method signature="footerPresent()[pri:0, instance:org.navadiya.tests.FooterTest@29ca3d04]" started-at="2025-10-25T13:41:27 GMT-04:00" name="footerPresent" finished-at="2025-10-25T13:41:34 GMT-04:00" duration-ms="6471" status="PASS">
          <reporter-output>
          </reporter-output>
        </test-method> <!-- footerPresent -->
        <test-method is-config="true" signature="tearDown()[pri:0, instance:org.navadiya.tests.FooterTest@29ca3d04]" started-at="2025-10-25T13:41:34 GMT-04:00" name="tearDown" finished-at="2025-10-25T13:41:36 GMT-04:00" duration-ms="2652" status="PASS">
          <reporter-output>
          </reporter-output>
        </test-method> <!-- tearDown -->
      </class> <!-- org.navadiya.tests.FooterTest -->
      <class name="org.navadiya.tests.HeaderElementTest">
        <test-method is-config="true" signature="setUp(org.testng.ITestContext)[pri:0, instance:org.navadiya.tests.HeaderElementTest@53941c2f]" started-at="2025-10-25T13:41:14 GMT-04:00" name="setUp" finished-at="2025-10-25T13:41:25 GMT-04:00" duration-ms="11173" status="PASS">
          <params>
            <param index="0">
              <value>
                <![CDATA[org.testng.TestRunner@71c27ee8]]>
              </value>
            </param>
          </params>
          <reporter-output>
          </reporter-output>
        </test-method> <!-- setUp -->
        <test-method signature="h1ElementPresent()[pri:0, instance:org.navadiya.tests.HeaderElementTest@53941c2f]" started-at="2025-10-25T13:41:25 GMT-04:00" name="h1ElementPresent" finished-at="2025-10-25T13:41:29 GMT-04:00" duration-ms="3259" status="PASS">
          <reporter-output>
          </reporter-output>
        </test-method> <!-- h1ElementPresent -->
        <test-method is-config="true" signature="tearDown()[pri:0, instance:org.navadiya.tests.HeaderElementTest@53941c2f]" started-at="2025-10-25T13:41:29 GMT-04:00" name="tearDown" finished-at="2025-10-25T13:41:32 GMT-04:00" duration-ms="3225" status="PASS">
          <reporter-output>
          </reporter-output>
        </test-method> <!-- tearDown -->
      </class> <!-- org.navadiya.tests.HeaderElementTest -->
      <class name="org.navadiya.tests.LinkPresenceTest">
        <test-method is-config="true" signature="setUp(org.testng.ITestContext)[pri:0, instance:org.navadiya.tests.LinkPresenceTest@19b93fa8]" started-at="2025-10-25T13:41:14 GMT-04:00" name="setUp" finished-at="2025-10-25T13:41:31 GMT-04:00" duration-ms="16421" status="PASS">
          <params>
            <param index="0">
              <value>
                <![CDATA[org.testng.TestRunner@71c27ee8]]>
              </value>
            </param>
          </params>
          <reporter-output>
          </reporter-output>
        </test-method> <!-- setUp -->
        <test-method signature="hasAtLeastOneLink()[pri:0, instance:org.navadiya.tests.LinkPresenceTest@19b93fa8]" started-at="2025-10-25T13:41:31 GMT-04:00" name="hasAtLeastOneLink" finished-at="2025-10-25T13:41:32 GMT-04:00" duration-ms="1388" status="PASS">
          <reporter-output>
          </reporter-output>
        </test-method> <!-- hasAtLeastOneLink -->
        <test-method is-config="true" signature="tearDown()[pri:0, instance:org.navadiya.tests.LinkPresenceTest@19b93fa8]" started-at="2025-10-25T13:41:32 GMT-04:00" name="tearDown" finished-at="2025-10-25T13:41:34 GMT-04:00" duration-ms="1852" status="PASS">
          <reporter-output>
          </reporter-output>
        </test-method> <!-- tearDown -->
      </class> <!-- org.navadiya.tests.LinkPresenceTest -->
      <class name="org.navadiya.tests.ImageLoadTest">
        <test-method is-config="true" signature="setUp(org.testng.ITestContext)[pri:0, instance:org.navadiya.tests.ImageLoadTest@72437d8d]" started-at="2025-10-25T13:41:14 GMT-04:00" name="setUp" finished-at="2025-10-25T13:41:25 GMT-04:00" duration-ms="10420" status="PASS">
          <params>
            <param index="0">
              <value>
                <![CDATA[org.testng.TestRunner@71c27ee8]]>
              </value>
            </param>
          </params>
          <reporter-output>
          </reporter-output>
        </test-method> <!-- setUp -->
        <test-method signature="imagesHaveSrc()[pri:0, instance:org.navadiya.tests.ImageLoadTest@72437d8d]" started-at="2025-10-25T13:41:25 GMT-04:00" name="imagesHaveSrc" finished-at="2025-10-25T13:41:29 GMT-04:00" duration-ms="4285" status="FAIL">
          <exception class="java.lang.AssertionError">
            <message>
              <![CDATA[Image src should not be null expected object to not be null]]>
            </message>
            <full-stacktrace>
              <![CDATA[java.lang.AssertionError: Image src should not be null expected object to not be null
at org.testng.Assert.fail(Assert.java:111)
at org.testng.Assert.assertNotNull(Assert.java:1484)
at org.navadiya.tests.ImageLoadTest.imagesHaveSrc(ImageLoadTest.java:29)
at java.base/jdk.internal.reflect.DirectMethodHandleAccessor.invoke(DirectMethodHandleAccessor.java:103)
at java.base/java.lang.reflect.Method.invoke(Method.java:580)
at org.testng.internal.invokers.MethodInvocationHelper.invokeMethod(MethodInvocationHelper.java:139)
at org.testng.internal.invokers.TestInvoker.invokeMethod(TestInvoker.java:664)
at org.testng.internal.invokers.TestInvoker.invokeTestMethod(TestInvoker.java:227)
at org.testng.internal.invokers.MethodRunner.runInSequence(MethodRunner.java:50)
at org.testng.internal.invokers.TestInvoker$MethodInvocationAgent.invoke(TestInvoker.java:957)
at org.testng.internal.invokers.TestInvoker.invokeTestMethods(TestInvoker.java:200)
at org.testng.internal.invokers.TestMethodWorker.invokeTestMethods(TestMethodWorker.java:148)
at org.testng.internal.invokers.TestMethodWorker.run(TestMethodWorker.java:128)
at java.base/java.util.concurrent.ThreadPoolExecutor.runWorker(ThreadPoolExecutor.java:1144)
at java.base/java.util.concurrent.ThreadPoolExecutor$Worker.run(ThreadPoolExecutor.java:642)
at java.base/java.lang.Thread.run(Thread.java:1570)
]]>
            </full-stacktrace>
          </exception> <!-- java.lang.AssertionError -->
          <reporter-output>
          </reporter-output>
        </test-method> <!-- imagesHaveSrc -->
        <test-method is-config="true" signature="tearDown()[pri:0, instance:org.navadiya.tests.ImageLoadTest@72437d8d]" started-at="2025-10-25T13:41:29 GMT-04:00" name="tearDown" finished-at="2025-10-25T13:41:32 GMT-04:00" duration-ms="3654" status="PASS">
          <reporter-output>
          </reporter-output>
        </test-method> <!-- tearDown -->
      </class> <!-- org.navadiya.tests.ImageLoadTest -->
    </test> <!-- firefox-tests -->
  </suite> <!-- firefox-suite -->
</testng-results>
